<?xml version="1.0" encoding="UTF-8"?>
<!-- Generated by org.testng.reporters.JUnitReportReporter -->
<testsuite hostname="LAPTOP-GHJLQMFV" failures="0" tests="1" name="githubpPactice.Demo3" time="0.014" errors="0" timestamp="2021-11-11T14:26:30 IST" skipped="0">
  <testcase classname="githubpPactice.Demo3" name="project3" time="0.014"/>
  <system-out/>
</testsuite> <!-- githubpPactice.Demo3 -->
