<?xml version="1.0" encoding="UTF-8"?>
<!-- Generated by org.testng.reporters.JUnitReportReporter -->
<testsuite hostname="LAPTOP-GHJLQMFV" failures="0" tests="1" name="githubpPactice.BranchTC_01Test" time="0.011" errors="0" timestamp="2021-11-12T10:06:35 IST" skipped="0">
  <testcase classname="githubpPactice.BranchTC_01Test" name="branchTest" time="0.011"/>
  <system-out/>
</testsuite> <!-- githubpPactice.BranchTC_01Test -->
